Microsoft (R) Macro Assembler Version 6.11		    09/18/18 21:49:35
tempfile.asm						     Page 1 - 1


 0000				DATAS SEGMENT
				    ;此处输入数据段代码  
 0000				DATAS ENDS

 0000				STACKS SEGMENT
				    ;此处输入堆栈段代码
 0000				STACKS ENDS

 0000				CODES SEGMENT
				    ASSUME CS:CODES,DS:DATAS,SS:STACKS
 0000				START:
 0000  B8 ---- R		    MOV AX,DATAS
 0003  8E D8			    MOV DS,AX
				    ;此处输入代码段代码
				    
 0005  B8 03E8			    MOV AX,1000
 0008  E8 0004			    CALL OUT1
				    
 000B  B4 4C			    MOV AH,4CH
 000D  CD 21			    INT 21H
				    
 000F				    OUT1 PROC
				    
 000F  B1 0A			    MOV CL,10
 0011  B5 00			    MOV CH,0
				    
 0013				L0:
 0013  83 F8 0A			    CMP AX,10
 0016  72 0A			    JB PRINT_SINGLE
				    
 0018  F6 F1			    DIV CL;SHANG AL,YUSHU AH
 001A  50			    PUSH AX
 001B  80 C5 01			    ADD CH,1
 001E  B4 00			    MOV AH,0
 0020  EB F1			    JMP L0
				    
 0022				PRINT_SINGLE:
 0022  8A D0				MOV DL,AL
 0024  80 C2 30				ADD DL,48
 0027  B4 02				MOV AH,2
 0029  CD 21				INT 21H
 002B  EB 00				JMP POP_AGAIN
					
 002D				POP_AGAIN:
 002D  80 FD 00				CMP CH,0
 0030  74 0F				JE OVER
 0032  5A				POP DX
 0033  80 ED 01				SUB CH,1
 0036  8A D6				MOV DL,DH
 0038  80 C2 30				ADD DL,48
 003B  B4 02				MOV AH,2
 003D  CD 21				INT 21H
 003F  EB EC				JMP POP_AGAIN
					
 0041				OVER:    
				    
 0041  C3			    RET
 0042				    OUT1 ENDP
				    
 0042				CODES ENDS
				    END START

Microsoft (R) Macro Assembler Version 6.11		    09/18/18 21:49:35
tempfile.asm						     Symbols 2 - 1




Segments and Groups:

                N a m e                 Size     Length   Align   Combine Class

CODES  . . . . . . . . . . . . .	16 Bit	 0042	  Para	  Private 
DATAS  . . . . . . . . . . . . .	16 Bit	 0000	  Para	  Private 
STACKS . . . . . . . . . . . . .	16 Bit	 0000	  Para	  Private 


Procedures,  parameters and locals:

                N a m e                 Type     Value    Attr

OUT1 . . . . . . . . . . . . . .	P Near	 000F	  CODES	Length= 0033 Public
  L0 . . . . . . . . . . . . . .	L Near	 0013	  CODES	
  PRINT_SINGLE . . . . . . . . .	L Near	 0022	  CODES	
  POP_AGAIN  . . . . . . . . . .	L Near	 002D	  CODES	
  OVER . . . . . . . . . . . . .	L Near	 0041	  CODES	


Symbols:

                N a m e                 Type     Value    Attr

START  . . . . . . . . . . . . .	L Near	 0000	  CODES	

	   0 Warnings
	   0 Errors
