Microsoft (R) Macro Assembler Version 6.11		    09/26/18 10:55:38
tempfile.asm						     Page 1 - 1


 0000				DATAS SEGMENT
				    ;此处输入数据段代码  
 0000				DATAS ENDS

 0000				STACKS SEGMENT
				    ;此处输入堆栈段代码
 0000				STACKS ENDS

 0000				CODES SEGMENT
				    ASSUME CS:CODES,DS:DATAS,SS:STACKS
 0000				START:
 0000  B8 ---- R		    MOV AX,DATAS
 0003  8E D8			    MOV DS,AX
				    ;此处输入代码段代码
				    
 0005  B4 01			    MOV AH,1
 0007  CD 21			    INT 21H
				    
 0009  8A D0			    MOV DL,AL
 000B  80 EA 30			    SUB DL,48
 000E  80 C2 30			    ADD DL,48
				    
 0011  B4 02			    MOV AH,2
 0013  CD 21			    INT 21H
				    
 0015  B4 4C			    MOV AH,4CH
 0017  CD 21			    INT 21H
 0019				CODES ENDS
				    END START
Microsoft (R) Macro Assembler Version 6.11		    09/26/18 10:55:38
tempfile.asm						     Symbols 2 - 1




Segments and Groups:

                N a m e                 Size     Length   Align   Combine Class

CODES  . . . . . . . . . . . . .	16 Bit	 0019	  Para	  Private 
DATAS  . . . . . . . . . . . . .	16 Bit	 0000	  Para	  Private 
STACKS . . . . . . . . . . . . .	16 Bit	 0000	  Para	  Private 


Symbols:

                N a m e                 Type     Value    Attr

START  . . . . . . . . . . . . .	L Near	 0000	  CODES	

	   0 Warnings
	   0 Errors
